<?xml version="1.0" encoding="UTF-8"?>
<!-- Generated by org.testng.reporters.JUnitReportReporter -->
<testsuite skipped="0" hostname="SM-4013" name="testcases.HomePageTestCases" tests="2" failures="0" timestamp="09 Dec 2019 15:19:59 GMT" time="9.622" errors="0">
  <testcase name="validateEnteringWrongValuesInMandateFields" time="3.981" classname="testcases.HomePageTestCases"/>
  <testcase name="validateEnteringValuesInMandateFields" time="5.641" classname="testcases.HomePageTestCases"/>
</testsuite> <!-- testcases.HomePageTestCases -->
