<?xml version="1.0" encoding="UTF-8"?>
<!-- Generated by org.testng.reporters.JUnitReportReporter -->
<testsuite skipped="0" hostname="SM-4013" name="testcases.SearchPageTestCases" tests="2" failures="0" timestamp="09 Dec 2019 15:19:59 GMT" time="2.108" errors="0">
  <testcase name="validateSearchPageValues" time="0.187" classname="testcases.SearchPageTestCases"/>
  <testcase name="validateSearchPagePricesValuesInDescendingOrder" time="1.921" classname="testcases.SearchPageTestCases"/>
</testsuite> <!-- testcases.SearchPageTestCases -->
